<?xml version="1.0" encoding="UTF-8"?>
<!-- Generated by org.testng.reporters.JUnitReportReporter -->
<testsuite hostname="DESKTOP-A2CTSOI" failures="0" tests="1" name="tests.MyAccountPageTest" time="3.527" errors="0" timestamp="2025-10-28T17:25:16 EDT" skipped="0">
  <testcase classname="tests.MyAccountPageTest" name="loginTestPositive" time="3.527"/>
</testsuite> <!-- tests.MyAccountPageTest -->
