<?xml version="1.0" encoding="UTF-8"?>
<!-- Generated by org.testng.reporters.JUnitReportReporter -->
<testsuite hostname="DESKTOP-A2CTSOI" failures="0" tests="2" name="runner.CucumberTestRunner" time="23.969" errors="0" timestamp="2025-10-31T14:23:41 EDT" skipped="0">
  <testcase classname="runner.CucumberTestRunner" name="runScenario" time="16.566"/>
  <testcase classname="runner.CucumberTestRunner" name="runScenario" time="7.403"/>
</testsuite> <!-- runner.CucumberTestRunner -->
